# JRE version: OpenJDK Runtime Environment (8.0_242-b01) (build 1.8.0_242-release-1644-b01)
# Java VM: OpenJDK 64-Bit Server VM (25.242-b01 mixed mode windows-amd64 compressed oops)
Heap:
 PSYoungGen      total 622080K, used 516684K [0x00000000d5580000, 0x00000000ffd00000, 0x0000000100000000)
  eden space 609792K, 82% used [0x00000000d5580000,0x00000000f4233398,0x00000000fa900000)
  from space 12288K, 98% used [0x00000000fa900000,0x00000000fb4dfca0,0x00000000fb500000)
  to   space 43008K, 0% used [0x00000000fd300000,0x00000000fd300000,0x00000000ffd00000)
 ParOldGen       total 185856K, used 102680K [0x0000000080000000, 0x000000008b580000, 0x00000000d5580000)
  object space 185856K, 55% used [0x0000000080000000,0x00000000864461d8,0x000000008b580000)
 Metaspace       used 99233K, capacity 104588K, committed 104872K, reserved 1140736K
  class space    used 12873K, capacity 13904K, committed 13992K, reserved 1048576K
GC Heap History (10 events):
Event: 117.236 GC heap before
{Heap before GC invocations=27 (full 4):
 PSYoungGen      total 613888K, used 598129K [0x00000000d5580000, 0x00000000fd000000, 0x0000000100000000)
  eden space 579072K, 100% used [0x00000000d5580000,0x00000000f8b00000,0x00000000f8b00000)
  from space 34816K, 54% used [0x00000000fae00000,0x00000000fc09c778,0x00000000fd000000)
  to   space 35328K, 0% used [0x00000000f8b00000,0x00000000f8b00000,0x00000000fad80000)
 ParOldGen       total 185856K, used 84760K [0x0000000080000000, 0x000000008b580000, 0x00000000d5580000)
  object space 185856K, 45% used [0x0000000080000000,0x00000000852c60b0,0x000000008b580000)
 Metaspace       used 95614K, capacity 100288K, committed 101032K, reserved 1136640K
  class space    used 12445K, capacity 13352K, committed 13480K, reserved 1048576K
Event: 117.658 GC heap after
Heap after GC invocations=27 (full 4):
 PSYoungGen      total 614400K, used 24638K [0x00000000d5580000, 0x0000000100000000, 0x0000000100000000)
  eden space 579072K, 0% used [0x00000000d5580000,0x00000000d5580000,0x00000000f8b00000)
  from space 35328K, 69% used [0x00000000f8b00000,0x00000000fa30fa38,0x00000000fad80000)
  to   space 36864K, 0% used [0x00000000fdc00000,0x00000000fdc00000,0x0000000100000000)
 ParOldGen       total 185856K, used 84760K [0x0000000080000000, 0x000000008b580000, 0x00000000d5580000)
  object space 185856K, 45% used [0x0000000080000000,0x00000000852c60b0,0x000000008b580000)
 Metaspace       used 95614K, capacity 100288K, committed 101032K, reserved 1136640K
  class space    used 12445K, capacity 13352K, committed 13480K, reserved 1048576K
}
Event: 119.822 GC heap before
{Heap before GC invocations=28 (full 4):
 PSYoungGen      total 614400K, used 603710K [0x00000000d5580000, 0x0000000100000000, 0x0000000100000000)
  eden space 579072K, 100% used [0x00000000d5580000,0x00000000f8b00000,0x00000000f8b00000)
  from space 35328K, 69% used [0x00000000f8b00000,0x00000000fa30fa38,0x00000000fad80000)
  to   space 36864K, 0% used [0x00000000fdc00000,0x00000000fdc00000,0x0000000100000000)
 ParOldGen       total 185856K, used 84920K [0x0000000080000000, 0x000000008b580000, 0x00000000d5580000)
  object space 185856K, 45% used [0x0000000080000000,0x00000000852ee050,0x000000008b580000)
 Metaspace       used 95671K, capacity 100362K, committed 101032K, reserved 1136640K
  class space    used 12446K, capacity 13353K, committed 13480K, reserved 1048576K
Event: 120.162 GC heap after
Heap after GC invocations=28 (full 4):
 PSYoungGen      total 652800K, used 33390K [0x00000000d5580000, 0x0000000100000000, 0x0000000100000000)
  eden space 615936K, 0% used [0x00000000d5580000,0x00000000d5580000,0x00000000faf00000)
  from space 36864K, 90% used [0x00000000fdc00000,0x00000000ffc9b870,0x0000000100000000)
  to   space 41472K, 0% used [0x00000000faf00000,0x00000000faf00000,0x00000000fd780000)
 ParOldGen       total 185856K, used 84920K [0x0000000080000000, 0x000000008b580000, 0x00000000d5580000)
  object space 185856K, 45% used [0x0000000080000000,0x00000000852ee050,0x000000008b580000)
 Metaspace       used 95671K, capacity 100362K, committed 101032K, reserved 1136640K
  class space    used 12446K, capacity 13353K, committed 13480K, reserved 1048576K
}
Event: 122.382 GC heap before
{Heap before GC invocations=29 (full 4):
 PSYoungGen      total 652800K, used 649326K [0x00000000d5580000, 0x0000000100000000, 0x0000000100000000)
  eden space 615936K, 100% used [0x00000000d5580000,0x00000000faf00000,0x00000000faf00000)
  from space 36864K, 90% used [0x00000000fdc00000,0x00000000ffc9b870,0x0000000100000000)
  to   space 41472K, 0% used [0x00000000faf00000,0x00000000faf00000,0x00000000fd780000)
 ParOldGen       total 185856K, used 84922K [0x0000000080000000, 0x000000008b580000, 0x00000000d5580000)
  object space 185856K, 45% used [0x0000000080000000,0x00000000852eeac0,0x000000008b580000)
 Metaspace       used 95724K, capacity 100444K, committed 101032K, reserved 1136640K
  class space    used 12451K, capacity 13356K, committed 13480K, reserved 1048576K
Event: 122.577 GC heap after
Heap after GC invocations=29 (full 4):
 PSYoungGen      total 648704K, used 32663K [0x00000000d5580000, 0x0000000100000000, 0x0000000100000000)
  eden space 615936K, 0% used [0x00000000d5580000,0x00000000d5580000,0x00000000faf00000)
  from space 32768K, 99% used [0x00000000faf00000,0x00000000fcee5c90,0x00000000fcf00000)
  to   space 44544K, 0% used [0x00000000fd480000,0x00000000fd480000,0x0000000100000000)
 ParOldGen       total 185856K, used 92831K [0x0000000080000000, 0x000000008b580000, 0x00000000d5580000)
  object space 185856K, 49% used [0x0000000080000000,0x0000000085aa7e90,0x000000008b580000)
 Metaspace       used 95724K, capacity 100444K, committed 101032K, reserved 1136640K
  class space    used 12451K, capacity 13356K, committed 13480K, reserved 1048576K
}
Event: 124.378 GC heap before
{Heap before GC invocations=30 (full 4):
 PSYoungGen      total 648704K, used 648599K [0x00000000d5580000, 0x0000000100000000, 0x0000000100000000)
  eden space 615936K, 100% used [0x00000000d5580000,0x00000000faf00000,0x00000000faf00000)
  from space 32768K, 99% used [0x00000000faf00000,0x00000000fcee5c90,0x00000000fcf00000)
  to   space 44544K, 0% used [0x00000000fd480000,0x00000000fd480000,0x0000000100000000)
 ParOldGen       total 185856K, used 92831K [0x0000000080000000, 0x000000008b580000, 0x00000000d5580000)
  object space 185856K, 49% used [0x0000000080000000,0x0000000085aa7e90,0x000000008b580000)
 Metaspace       used 96134K, capacity 100870K, committed 101416K, reserved 1136640K
  class space    used 12499K, capacity 13413K, committed 13608K, reserved 1048576K
Event: 124.451 GC heap after
Heap after GC invocations=30 (full 4):
 PSYoungGen      total 654336K, used 24829K [0x00000000d5580000, 0x0000000100000000, 0x0000000100000000)
  eden space 609792K, 0% used [0x00000000d5580000,0x00000000d5580000,0x00000000fa900000)
  from space 44544K, 55% used [0x00000000fd480000,0x00000000fecbf5f0,0x0000000100000000)
  to   space 44544K, 0% used [0x00000000fa900000,0x00000000fa900000,0x00000000fd480000)
 ParOldGen       total 185856K, used 98127K [0x0000000080000000, 0x000000008b580000, 0x00000000d5580000)
  object space 185856K, 52% used [0x0000000080000000,0x0000000085fd3f20,0x000000008b580000)
 Metaspace       used 96134K, capacity 100870K, committed 101416K, reserved 1136640K
  class space    used 12499K, capacity 13413K, committed 13608K, reserved 1048576K
}
Event: 129.883 GC heap before
{Heap before GC invocations=31 (full 4):
 PSYoungGen      total 654336K, used 634307K [0x00000000d5580000, 0x0000000100000000, 0x0000000100000000)
  eden space 609792K, 99% used [0x00000000d5580000,0x00000000fa8b1968,0x00000000fa900000)
  from space 44544K, 55% used [0x00000000fd480000,0x00000000fecbf5f0,0x0000000100000000)
  to   space 44544K, 0% used [0x00000000fa900000,0x00000000fa900000,0x00000000fd480000)
 ParOldGen       total 185856K, used 98127K [0x0000000080000000, 0x000000008b580000, 0x00000000d5580000)
  object space 185856K, 52% used [0x0000000080000000,0x0000000085fd3f20,0x000000008b580000)
 Metaspace       used 96593K, capacity 101458K, committed 101928K, reserved 1138688K
  class space    used 12555K, capacity 13507K, committed 13608K, reserved 1048576K
Event: 129.977 GC heap after
Heap after GC invocations=31 (full 4):
 PSYoungGen      total 622080K, used 12159K [0x00000000d5580000, 0x00000000ffd00000, 0x0000000100000000)
  eden space 609792K, 0% used [0x00000000d5580000,0x00000000d5580000,0x00000000fa900000)
  from space 12288K, 98% used [0x00000000fa900000,0x00000000fb4dfca0,0x00000000fb500000)
  to   space 43008K, 0% used [0x00000000fd300000,0x00000000fd300000,0x00000000ffd00000)
 ParOldGen       total 185856K, used 102680K [0x0000000080000000, 0x000000008b580000, 0x00000000d5580000)
  object space 185856K, 55% used [0x0000000080000000,0x00000000864461d8,0x000000008b580000)
 Metaspace       used 96593K, capacity 101458K, committed 101928K, reserved 1138688K
  class space    used 12555K, capacity 13507K, committed 13608K, reserved 1048576K
}

