# JRE version: OpenJDK Runtime Environment (8.0_242-b01) (build 1.8.0_242-release-1644-b01)
# Java VM: OpenJDK 64-Bit Server VM (25.242-b01 mixed mode windows-amd64 compressed oops)
Heap:
 PSYoungGen      total 619520K, used 543414K [0x00000000d5580000, 0x00000000ffb00000, 0x0000000100000000)
  eden space 595456K, 87% used [0x00000000d5580000,0x00000000f50d8e70,0x00000000f9b00000)
  from space 24064K, 99% used [0x00000000f9b00000,0x00000000fb254a58,0x00000000fb280000)
  to   space 49152K, 0% used [0x00000000fcb00000,0x00000000fcb00000,0x00000000ffb00000)
 ParOldGen       total 204288K, used 85489K [0x0000000080000000, 0x000000008c780000, 0x00000000d5580000)
  object space 204288K, 41% used [0x0000000080000000,0x000000008537c4a8,0x000000008c780000)
 Metaspace       used 104330K, capacity 109930K, committed 110232K, reserved 1144832K
  class space    used 13279K, capacity 14286K, committed 14512K, reserved 1048576K
GC Heap History (10 events):
Event: 15572.841 GC heap before
{Heap before GC invocations=17 (full 4):
 PSYoungGen      total 456704K, used 35317K [0x00000000d5580000, 0x00000000f7f80000, 0x0000000100000000)
  eden space 421376K, 0% used [0x00000000d5580000,0x00000000d5580000,0x00000000ef100000)
  from space 35328K, 99% used [0x00000000f5300000,0x00000000f757d530,0x00000000f7580000)
  to   space 10240K, 0% used [0x00000000f7580000,0x00000000f7580000,0x00000000f7f80000)
 ParOldGen       total 129024K, used 50954K [0x0000000080000000, 0x0000000087e00000, 0x00000000d5580000)
  object space 129024K, 39% used [0x0000000080000000,0x00000000831c2ac8,0x0000000087e00000)
 Metaspace       used 92639K, capacity 98520K, committed 98584K, reserved 1134592K
  class space    used 11912K, capacity 13040K, committed 13104K, reserved 1048576K
Event: 15573.605 GC heap after
Heap after GC invocations=17 (full 4):
 PSYoungGen      total 456704K, used 0K [0x00000000d5580000, 0x00000000f7f80000, 0x0000000100000000)
  eden space 421376K, 0% used [0x00000000d5580000,0x00000000d5580000,0x00000000ef100000)
  from space 35328K, 0% used [0x00000000f5300000,0x00000000f5300000,0x00000000f7580000)
  to   space 10240K, 0% used [0x00000000f7580000,0x00000000f7580000,0x00000000f7f80000)
 ParOldGen       total 204288K, used 64271K [0x0000000080000000, 0x000000008c780000, 0x00000000d5580000)
  object space 204288K, 31% used [0x0000000080000000,0x0000000083ec3df0,0x000000008c780000)
 Metaspace       used 88896K, capacity 92860K, committed 98584K, reserved 1134592K
  class space    used 11271K, capacity 12037K, committed 13104K, reserved 1048576K
}
Event: 15749.976 GC heap before
{Heap before GC invocations=18 (full 4):
 PSYoungGen      total 456704K, used 421376K [0x00000000d5580000, 0x00000000f7f80000, 0x0000000100000000)
  eden space 421376K, 100% used [0x00000000d5580000,0x00000000ef100000,0x00000000ef100000)
  from space 35328K, 0% used [0x00000000f5300000,0x00000000f5300000,0x00000000f7580000)
  to   space 10240K, 0% used [0x00000000f7580000,0x00000000f7580000,0x00000000f7f80000)
 ParOldGen       total 204288K, used 64271K [0x0000000080000000, 0x000000008c780000, 0x00000000d5580000)
  object space 204288K, 31% used [0x0000000080000000,0x0000000083ec3df0,0x000000008c780000)
 Metaspace       used 93974K, capacity 98194K, committed 100248K, reserved 1136640K
  class space    used 11908K, capacity 12738K, committed 13232K, reserved 1048576K
Event: 15750.005 GC heap after
Heap after GC invocations=18 (full 4):
 PSYoungGen      total 477696K, used 10229K [0x00000000d5580000, 0x00000000f7f80000, 0x0000000100000000)
  eden space 467456K, 0% used [0x00000000d5580000,0x00000000d5580000,0x00000000f1e00000)
  from space 10240K, 99% used [0x00000000f7580000,0x00000000f7f7d718,0x00000000f7f80000)
  to   space 43520K, 0% used [0x00000000f2a80000,0x00000000f2a80000,0x00000000f5500000)
 ParOldGen       total 204288K, used 70898K [0x0000000080000000, 0x000000008c780000, 0x00000000d5580000)
  object space 204288K, 34% used [0x0000000080000000,0x000000008453c930,0x000000008c780000)
 Metaspace       used 93974K, capacity 98194K, committed 100248K, reserved 1136640K
  class space    used 11908K, capacity 12738K, committed 13232K, reserved 1048576K
}
Event: 15753.042 GC heap before
{Heap before GC invocations=19 (full 4):
 PSYoungGen      total 477696K, used 477685K [0x00000000d5580000, 0x00000000f7f80000, 0x0000000100000000)
  eden space 467456K, 100% used [0x00000000d5580000,0x00000000f1e00000,0x00000000f1e00000)
  from space 10240K, 99% used [0x00000000f7580000,0x00000000f7f7d718,0x00000000f7f80000)
  to   space 43520K, 0% used [0x00000000f2a80000,0x00000000f2a80000,0x00000000f5500000)
 ParOldGen       total 204288K, used 70898K [0x0000000080000000, 0x000000008c780000, 0x00000000d5580000)
  object space 204288K, 34% used [0x0000000080000000,0x000000008453c930,0x000000008c780000)
 Metaspace       used 102728K, capacity 108224K, committed 108696K, reserved 1142784K
  class space    used 13202K, capacity 14211K, committed 14512K, reserved 1048576K
Event: 15753.266 GC heap after
Heap after GC invocations=19 (full 4):
 PSYoungGen      total 523776K, used 43505K [0x00000000d5580000, 0x0000000100000000, 0x0000000100000000)
  eden space 480256K, 0% used [0x00000000d5580000,0x00000000d5580000,0x00000000f2a80000)
  from space 43520K, 99% used [0x00000000f2a80000,0x00000000f54fc578,0x00000000f5500000)
  to   space 52224K, 0% used [0x00000000fcd00000,0x00000000fcd00000,0x0000000100000000)
 ParOldGen       total 204288K, used 75808K [0x0000000080000000, 0x000000008c780000, 0x00000000d5580000)
  object space 204288K, 37% used [0x0000000080000000,0x0000000084a081e8,0x000000008c780000)
 Metaspace       used 102728K, capacity 108224K, committed 108696K, reserved 1142784K
  class space    used 13202K, capacity 14211K, committed 14512K, reserved 1048576K
}
Event: 15755.471 GC heap before
{Heap before GC invocations=20 (full 4):
 PSYoungGen      total 523776K, used 523761K [0x00000000d5580000, 0x0000000100000000, 0x0000000100000000)
  eden space 480256K, 100% used [0x00000000d5580000,0x00000000f2a80000,0x00000000f2a80000)
  from space 43520K, 99% used [0x00000000f2a80000,0x00000000f54fc578,0x00000000f5500000)
  to   space 52224K, 0% used [0x00000000fcd00000,0x00000000fcd00000,0x0000000100000000)
 ParOldGen       total 204288K, used 75808K [0x0000000080000000, 0x000000008c780000, 0x00000000d5580000)
  object space 204288K, 37% used [0x0000000080000000,0x0000000084a081e8,0x000000008c780000)
 Metaspace       used 103567K, capacity 109196K, committed 109720K, reserved 1144832K
  class space    used 13224K, capacity 14221K, committed 14512K, reserved 1048576K
Event: 15755.525 GC heap after
Heap after GC invocations=20 (full 4):
 PSYoungGen      total 647680K, used 27256K [0x00000000d5580000, 0x0000000100000000, 0x0000000100000000)
  eden space 595456K, 0% used [0x00000000d5580000,0x00000000d5580000,0x00000000f9b00000)
  from space 52224K, 52% used [0x00000000fcd00000,0x00000000fe79e1d8,0x0000000100000000)
  to   space 51200K, 0% used [0x00000000f9b00000,0x00000000f9b00000,0x00000000fcd00000)
 ParOldGen       total 204288K, used 85481K [0x0000000080000000, 0x000000008c780000, 0x00000000d5580000)
  object space 204288K, 41% used [0x0000000080000000,0x000000008537a4a8,0x000000008c780000)
 Metaspace       used 103567K, capacity 109196K, committed 109720K, reserved 1144832K
  class space    used 13224K, capacity 14221K, committed 14512K, reserved 1048576K
}
Event: 15757.373 GC heap before
{Heap before GC invocations=21 (full 4):
 PSYoungGen      total 647680K, used 622712K [0x00000000d5580000, 0x0000000100000000, 0x0000000100000000)
  eden space 595456K, 100% used [0x00000000d5580000,0x00000000f9b00000,0x00000000f9b00000)
  from space 52224K, 52% used [0x00000000fcd00000,0x00000000fe79e1d8,0x0000000100000000)
  to   space 51200K, 0% used [0x00000000f9b00000,0x00000000f9b00000,0x00000000fcd00000)
 ParOldGen       total 204288K, used 85481K [0x0000000080000000, 0x000000008c780000, 0x00000000d5580000)
  object space 204288K, 41% used [0x0000000080000000,0x000000008537a4a8,0x000000008c780000)
 Metaspace       used 103956K, capacity 109566K, committed 109976K, reserved 1144832K
  class space    used 13260K, capacity 14254K, committed 14512K, reserved 1048576K
Event: 15757.409 GC heap after
Heap after GC invocations=21 (full 4):
 PSYoungGen      total 619520K, used 23890K [0x00000000d5580000, 0x00000000ffb00000, 0x0000000100000000)
  eden space 595456K, 0% used [0x00000000d5580000,0x00000000d5580000,0x00000000f9b00000)
  from space 24064K, 99% used [0x00000000f9b00000,0x00000000fb254a58,0x00000000fb280000)
  to   space 49152K, 0% used [0x00000000fcb00000,0x00000000fcb00000,0x00000000ffb00000)
 ParOldGen       total 204288K, used 85489K [0x0000000080000000, 0x000000008c780000, 0x00000000d5580000)
  object space 204288K, 41% used [0x0000000080000000,0x000000008537c4a8,0x000000008c780000)
 Metaspace       used 103956K, capacity 109566K, committed 109976K, reserved 1144832K
  class space    used 13260K, capacity 14254K, committed 14512K, reserved 1048576K
}

